Arguments: 
  /opt/homebrew/Cellar/node/19.2.0/bin/node /opt/homebrew/Cellar/yarn/1.22.19/libexec/bin/yarn.js

PATH: 
  /Users/jacobrasmussen/.rvm/gems/ruby-3.0.0/bin:/Users/jacobrasmussen/.rvm/gems/ruby-3.0.0@global/bin:/Users/jacobrasmussen/.rvm/rubies/ruby-3.0.0/bin:/opt/homebrew/opt/ruby/bin:/Library/Frameworks/Python.framework/Versions/3.10/bin:/opt/homebrew/bin:/opt/homebrew/sbin:/usr/local/bin:/System/Cryptexes/App/usr/bin:/usr/bin:/bin:/usr/sbin:/sbin:/usr/local/share/dotnet:~/.dotnet/tools:/Library/Apple/usr/bin:/Library/Frameworks/Mono.framework/Versions/Current/Commands:/Users/jacobrasmussen/.rvm/gems/ruby-3.0.0/bin:/Users/jacobrasmussen/.rvm/gems/ruby-3.0.0@global/bin:/Users/jacobrasmussen/.rvm/rubies/ruby-3.0.0/bin:/opt/homebrew/opt/ruby/bin:/Library/Frameworks/Python.framework/Versions/3.10/bin:/opt/homebrew/bin:/opt/homebrew/sbin:/Users/jacobrasmussen/.dotnet/tools:/Users/jacobrasmussen/.rvm/bin:/Users/jacobrasmussen/.dotnet/tools:/Users/jacobrasmussen/.rvm/bin

Yarn version: 
  1.22.19

Node version: 
  19.2.0

Platform: 
  darwin arm64

Trace: 
  Error: connect ENETUNREACH 2606:4700::6810:1023:443
      at TCPConnectWrap.afterConnect [as oncomplete] (node:net:1283:16)

npm manifest: 
  {
    "name": "frontend",
    "private": true,
    "version": "0.0.0",
    "type": "module",
    "scripts": {
      "dev": "vite",
      "build": "tsc && vite build",
      "preview": "vite preview"
    },
    "dependencies": {
      "react": "^18.2.0",
      "react-dom": "^18.2.0"
    },
    "devDependencies": {
      "@types/react": "^18.0.26",
      "@types/react-dom": "^18.0.9",
      "@vitejs/plugin-react": "^3.0.0",
      "typescript": "^4.9.3",
      "vite": "^4.0.0"
    }
  }

yarn manifest: 
  No manifest

Lockfile: 
  No lockfile
